[0.200s] DEBUG:colcon:Command line arguments: ['/usr/bin/colcon', 'build']
[0.200s] DEBUG:colcon:Parsed command line arguments: Namespace(log_base=None, log_level=None, verb_name='build', build_base='build', install_base='install', merge_install=False, symlink_install=False, test_result_base=None, continue_on_error=False, executor='parallel', parallel_workers=8, event_handlers=None, ignore_user_meta=False, metas=['./colcon.meta'], base_paths=['.'], packages_ignore=None, packages_ignore_regex=None, paths=None, packages_up_to=None, packages_up_to_regex=None, packages_above=None, packages_above_and_dependencies=None, packages_above_depth=None, packages_select_by_dep=None, packages_skip_by_dep=None, packages_skip_up_to=None, packages_select_build_failed=False, packages_skip_build_finished=False, packages_select_test_failures=False, packages_skip_test_passed=False, packages_select=None, packages_skip=None, packages_select_regex=None, packages_skip_regex=None, packages_start=None, packages_end=None, allow_overriding=[], cmake_args=None, cmake_target=None, cmake_target_skip_unavailable=False, cmake_clean_cache=False, cmake_clean_first=False, cmake_force_configure=False, ament_cmake_args=None, catkin_cmake_args=None, catkin_skip_building_tests=False, mixin_files=None, mixin=None, verb_parser=<colcon_mixin.mixin.mixin_argument.MixinArgumentDecorator object at 0x7479b0c91ae0>, verb_extension=<colcon_core.verb.build.BuildVerb object at 0x7479b0c90a90>, main=<bound method BuildVerb.main of <colcon_core.verb.build.BuildVerb object at 0x7479b0c90a90>>, mixin_verb=('build',))
[0.613s] Level 1:colcon.colcon_core.package_discovery:discover_packages(colcon_meta) check parameters
[0.613s] Level 1:colcon.colcon_core.package_discovery:discover_packages(recursive) check parameters
[0.613s] Level 1:colcon.colcon_core.package_discovery:discover_packages(ignore) check parameters
[0.613s] Level 1:colcon.colcon_core.package_discovery:discover_packages(path) check parameters
[0.613s] Level 1:colcon.colcon_core.package_discovery:discover_packages(colcon_meta) discover
[0.613s] Level 1:colcon.colcon_core.package_discovery:discover_packages(recursive) discover
[0.614s] INFO:colcon.colcon_core.package_discovery:Crawling recursively for packages in '/home/bhanu/abhiyaan/cone_detection/src/cone_detection'
[0.614s] Level 1:colcon.colcon_core.package_identification:_identify(.) by extensions ['ignore', 'ignore_ament_install']
[0.614s] Level 1:colcon.colcon_core.package_identification:_identify(.) by extension 'ignore'
[0.614s] Level 1:colcon.colcon_core.package_identification:_identify(.) by extension 'ignore_ament_install'
[0.614s] Level 1:colcon.colcon_core.package_identification:_identify(.) by extensions ['colcon_pkg']
[0.614s] Level 1:colcon.colcon_core.package_identification:_identify(.) by extension 'colcon_pkg'
[0.614s] Level 1:colcon.colcon_core.package_identification:_identify(.) by extensions ['colcon_meta']
[0.614s] Level 1:colcon.colcon_core.package_identification:_identify(.) by extension 'colcon_meta'
[0.614s] Level 1:colcon.colcon_core.package_identification:_identify(.) by extensions ['ros']
[0.615s] Level 1:colcon.colcon_core.package_identification:_identify(.) by extension 'ros'
[0.661s] DEBUG:colcon.colcon_core.package_identification:Package '.' with type 'ros.ament_cmake' and name 'cone_detection'
[0.662s] Level 1:colcon.colcon_core.package_discovery:discover_packages(recursive) using defaults
[0.662s] Level 1:colcon.colcon_core.package_discovery:discover_packages(ignore) discover
[0.662s] Level 1:colcon.colcon_core.package_discovery:discover_packages(ignore) using defaults
[0.662s] Level 1:colcon.colcon_core.package_discovery:discover_packages(path) discover
[0.662s] Level 1:colcon.colcon_core.package_discovery:discover_packages(path) using defaults
[0.695s] Level 1:colcon.colcon_core.package_discovery:discover_packages(prefix_path) check parameters
[0.696s] Level 1:colcon.colcon_core.package_discovery:discover_packages(prefix_path) discover
[0.699s] DEBUG:colcon.colcon_installed_package_information.package_discovery:Found 1 installed packages in /home/bhanu/abhiyaan/cone_detection/src/cone_detection/install
[0.702s] DEBUG:colcon.colcon_installed_package_information.package_discovery:Found 328 installed packages in /opt/ros/humble
[0.704s] Level 1:colcon.colcon_core.package_discovery:discover_packages(prefix_path) using defaults
[0.824s] Level 5:colcon.colcon_core.verb:set package 'cone_detection' build argument 'cmake_args' from command line to 'None'
[0.824s] Level 5:colcon.colcon_core.verb:set package 'cone_detection' build argument 'cmake_target' from command line to 'None'
[0.824s] Level 5:colcon.colcon_core.verb:set package 'cone_detection' build argument 'cmake_target_skip_unavailable' from command line to 'False'
[0.824s] Level 5:colcon.colcon_core.verb:set package 'cone_detection' build argument 'cmake_clean_cache' from command line to 'False'
[0.824s] Level 5:colcon.colcon_core.verb:set package 'cone_detection' build argument 'cmake_clean_first' from command line to 'False'
[0.824s] Level 5:colcon.colcon_core.verb:set package 'cone_detection' build argument 'cmake_force_configure' from command line to 'False'
[0.824s] Level 5:colcon.colcon_core.verb:set package 'cone_detection' build argument 'ament_cmake_args' from command line to 'None'
[0.824s] Level 5:colcon.colcon_core.verb:set package 'cone_detection' build argument 'catkin_cmake_args' from command line to 'None'
[0.824s] Level 5:colcon.colcon_core.verb:set package 'cone_detection' build argument 'catkin_skip_building_tests' from command line to 'False'
[0.825s] DEBUG:colcon.colcon_core.verb:Building package 'cone_detection' with the following arguments: {'ament_cmake_args': None, 'build_base': '/home/bhanu/abhiyaan/cone_detection/src/cone_detection/build/cone_detection', 'catkin_cmake_args': None, 'catkin_skip_building_tests': False, 'cmake_args': None, 'cmake_clean_cache': False, 'cmake_clean_first': False, 'cmake_force_configure': False, 'cmake_target': None, 'cmake_target_skip_unavailable': False, 'install_base': '/home/bhanu/abhiyaan/cone_detection/src/cone_detection/install/cone_detection', 'merge_install': False, 'path': '/home/bhanu/abhiyaan/cone_detection/src/cone_detection', 'symlink_install': False, 'test_result_base': None}
[0.825s] INFO:colcon.colcon_core.executor:Executing jobs using 'parallel' executor
[0.828s] DEBUG:colcon.colcon_parallel_executor.executor.parallel:run_until_complete
[0.828s] INFO:colcon.colcon_ros.task.ament_cmake.build:Building ROS package in '/home/bhanu/abhiyaan/cone_detection/src/cone_detection' with build type 'ament_cmake'
[0.829s] INFO:colcon.colcon_cmake.task.cmake.build:Building CMake package in '/home/bhanu/abhiyaan/cone_detection/src/cone_detection'
[0.834s] INFO:colcon.colcon_core.plugin_system:Skipping extension 'colcon_core.shell.bat': Not used on non-Windows systems
[0.834s] INFO:colcon.colcon_core.shell:Skip shell extension 'powershell' for command environment: Not usable outside of PowerShell
[0.835s] DEBUG:colcon.colcon_core.shell:Skip shell extension 'dsv' for command environment
[0.848s] DEBUG:colcon.colcon_core.event_handler.log_command:Invoking command in '/home/bhanu/abhiyaan/cone_detection/src/cone_detection/build/cone_detection': CMAKE_PREFIX_PATH=${CMAKE_PREFIX_PATH}:/opt/ros/humble /usr/bin/cmake --build /home/bhanu/abhiyaan/cone_detection/src/cone_detection/build/cone_detection -- -j8 -l8
[1.561s] DEBUG:colcon.colcon_core.event_handler.log_command:Invoked command in '/home/bhanu/abhiyaan/cone_detection/src/cone_detection/build/cone_detection' returned '0': CMAKE_PREFIX_PATH=${CMAKE_PREFIX_PATH}:/opt/ros/humble /usr/bin/cmake --build /home/bhanu/abhiyaan/cone_detection/src/cone_detection/build/cone_detection -- -j8 -l8
[1.604s] DEBUG:colcon.colcon_core.event_handler.log_command:Invoking command in '/home/bhanu/abhiyaan/cone_detection/src/cone_detection/build/cone_detection': CMAKE_PREFIX_PATH=${CMAKE_PREFIX_PATH}:/opt/ros/humble /usr/bin/cmake --install /home/bhanu/abhiyaan/cone_detection/src/cone_detection/build/cone_detection
[1.690s] Level 1:colcon.colcon_core.environment:create_environment_scripts_only(cone_detection)
[1.691s] DEBUG:colcon.colcon_core.event_handler.log_command:Invoked command in '/home/bhanu/abhiyaan/cone_detection/src/cone_detection/build/cone_detection' returned '0': CMAKE_PREFIX_PATH=${CMAKE_PREFIX_PATH}:/opt/ros/humble /usr/bin/cmake --install /home/bhanu/abhiyaan/cone_detection/src/cone_detection/build/cone_detection
[1.696s] Level 1:colcon.colcon_core.environment:checking '/home/bhanu/abhiyaan/cone_detection/src/cone_detection/install/cone_detection' for CMake module files
[1.697s] Level 1:colcon.colcon_core.environment:checking '/home/bhanu/abhiyaan/cone_detection/src/cone_detection/install/cone_detection' for CMake config files
[1.698s] Level 1:colcon.colcon_core.shell:create_environment_hook('cone_detection', 'cmake_prefix_path')
[1.698s] INFO:colcon.colcon_core.shell:Creating environment hook '/home/bhanu/abhiyaan/cone_detection/src/cone_detection/install/cone_detection/share/cone_detection/hook/cmake_prefix_path.ps1'
[1.699s] INFO:colcon.colcon_core.shell:Creating environment descriptor '/home/bhanu/abhiyaan/cone_detection/src/cone_detection/install/cone_detection/share/cone_detection/hook/cmake_prefix_path.dsv'
[1.700s] INFO:colcon.colcon_core.shell:Creating environment hook '/home/bhanu/abhiyaan/cone_detection/src/cone_detection/install/cone_detection/share/cone_detection/hook/cmake_prefix_path.sh'
[1.702s] Level 1:colcon.colcon_core.environment:checking '/home/bhanu/abhiyaan/cone_detection/src/cone_detection/install/cone_detection/lib'
[1.702s] Level 1:colcon.colcon_core.environment:checking '/home/bhanu/abhiyaan/cone_detection/src/cone_detection/install/cone_detection/bin'
[1.702s] Level 1:colcon.colcon_core.environment:checking '/home/bhanu/abhiyaan/cone_detection/src/cone_detection/install/cone_detection/lib/pkgconfig/cone_detection.pc'
[1.703s] Level 1:colcon.colcon_core.environment:checking '/home/bhanu/abhiyaan/cone_detection/src/cone_detection/install/cone_detection/lib/python3.10/site-packages'
[1.703s] Level 1:colcon.colcon_core.environment:checking '/home/bhanu/abhiyaan/cone_detection/src/cone_detection/install/cone_detection/bin'
[1.704s] INFO:colcon.colcon_core.shell:Creating package script '/home/bhanu/abhiyaan/cone_detection/src/cone_detection/install/cone_detection/share/cone_detection/package.ps1'
[1.707s] INFO:colcon.colcon_core.shell:Creating package descriptor '/home/bhanu/abhiyaan/cone_detection/src/cone_detection/install/cone_detection/share/cone_detection/package.dsv'
[1.708s] INFO:colcon.colcon_core.shell:Creating package script '/home/bhanu/abhiyaan/cone_detection/src/cone_detection/install/cone_detection/share/cone_detection/package.sh'
[1.712s] INFO:colcon.colcon_core.shell:Creating package script '/home/bhanu/abhiyaan/cone_detection/src/cone_detection/install/cone_detection/share/cone_detection/package.bash'
[1.714s] INFO:colcon.colcon_core.shell:Creating package script '/home/bhanu/abhiyaan/cone_detection/src/cone_detection/install/cone_detection/share/cone_detection/package.zsh'
[1.716s] Level 1:colcon.colcon_core.environment:create_file_with_runtime_dependencies(/home/bhanu/abhiyaan/cone_detection/src/cone_detection/install/cone_detection/share/colcon-core/packages/cone_detection)
[1.763s] Level 1:colcon.colcon_core.environment:create_environment_scripts_only(cone_detection)
[1.764s] Level 1:colcon.colcon_core.environment:checking '/home/bhanu/abhiyaan/cone_detection/src/cone_detection/install/cone_detection' for CMake module files
[1.765s] Level 1:colcon.colcon_core.environment:checking '/home/bhanu/abhiyaan/cone_detection/src/cone_detection/install/cone_detection' for CMake config files
[1.766s] Level 1:colcon.colcon_core.shell:create_environment_hook('cone_detection', 'cmake_prefix_path')
[1.767s] INFO:colcon.colcon_core.shell:Creating environment hook '/home/bhanu/abhiyaan/cone_detection/src/cone_detection/install/cone_detection/share/cone_detection/hook/cmake_prefix_path.ps1'
[1.767s] INFO:colcon.colcon_core.shell:Creating environment descriptor '/home/bhanu/abhiyaan/cone_detection/src/cone_detection/install/cone_detection/share/cone_detection/hook/cmake_prefix_path.dsv'
[1.768s] INFO:colcon.colcon_core.shell:Creating environment hook '/home/bhanu/abhiyaan/cone_detection/src/cone_detection/install/cone_detection/share/cone_detection/hook/cmake_prefix_path.sh'
[1.768s] Level 1:colcon.colcon_core.environment:checking '/home/bhanu/abhiyaan/cone_detection/src/cone_detection/install/cone_detection/lib'
[1.768s] Level 1:colcon.colcon_core.environment:checking '/home/bhanu/abhiyaan/cone_detection/src/cone_detection/install/cone_detection/bin'
[1.768s] Level 1:colcon.colcon_core.environment:checking '/home/bhanu/abhiyaan/cone_detection/src/cone_detection/install/cone_detection/lib/pkgconfig/cone_detection.pc'
[1.769s] Level 1:colcon.colcon_core.environment:checking '/home/bhanu/abhiyaan/cone_detection/src/cone_detection/install/cone_detection/lib/python3.10/site-packages'
[1.769s] Level 1:colcon.colcon_core.environment:checking '/home/bhanu/abhiyaan/cone_detection/src/cone_detection/install/cone_detection/bin'
[1.770s] INFO:colcon.colcon_core.shell:Creating package script '/home/bhanu/abhiyaan/cone_detection/src/cone_detection/install/cone_detection/share/cone_detection/package.ps1'
[1.771s] INFO:colcon.colcon_core.shell:Creating package descriptor '/home/bhanu/abhiyaan/cone_detection/src/cone_detection/install/cone_detection/share/cone_detection/package.dsv'
[1.772s] INFO:colcon.colcon_core.shell:Creating package script '/home/bhanu/abhiyaan/cone_detection/src/cone_detection/install/cone_detection/share/cone_detection/package.sh'
[1.773s] INFO:colcon.colcon_core.shell:Creating package script '/home/bhanu/abhiyaan/cone_detection/src/cone_detection/install/cone_detection/share/cone_detection/package.bash'
[1.774s] INFO:colcon.colcon_core.shell:Creating package script '/home/bhanu/abhiyaan/cone_detection/src/cone_detection/install/cone_detection/share/cone_detection/package.zsh'
[1.774s] Level 1:colcon.colcon_core.environment:create_file_with_runtime_dependencies(/home/bhanu/abhiyaan/cone_detection/src/cone_detection/install/cone_detection/share/colcon-core/packages/cone_detection)
[1.775s] DEBUG:colcon.colcon_parallel_executor.executor.parallel:closing loop
[1.776s] DEBUG:colcon.colcon_parallel_executor.executor.parallel:loop closed
[1.776s] DEBUG:colcon.colcon_parallel_executor.executor.parallel:run_until_complete finished with '0'
[1.776s] DEBUG:colcon.colcon_core.event_reactor:joining thread
[1.789s] INFO:colcon.colcon_core.plugin_system:Skipping extension 'colcon_notification.desktop_notification.terminal_notifier': Not used on non-Darwin systems
[1.790s] INFO:colcon.colcon_core.plugin_system:Skipping extension 'colcon_notification.desktop_notification.win32': Not used on non-Windows systems
[1.790s] INFO:colcon.colcon_notification.desktop_notification:Sending desktop notification using 'notify2'
[1.807s] DEBUG:colcon.colcon_core.event_reactor:joined thread
[1.807s] INFO:colcon.colcon_core.shell:Creating prefix script '/home/bhanu/abhiyaan/cone_detection/src/cone_detection/install/local_setup.ps1'
[1.809s] INFO:colcon.colcon_core.shell:Creating prefix util module '/home/bhanu/abhiyaan/cone_detection/src/cone_detection/install/_local_setup_util_ps1.py'
[1.812s] INFO:colcon.colcon_core.shell:Creating prefix chain script '/home/bhanu/abhiyaan/cone_detection/src/cone_detection/install/setup.ps1'
[1.815s] INFO:colcon.colcon_core.shell:Creating prefix script '/home/bhanu/abhiyaan/cone_detection/src/cone_detection/install/local_setup.sh'
[1.816s] INFO:colcon.colcon_core.shell:Creating prefix util module '/home/bhanu/abhiyaan/cone_detection/src/cone_detection/install/_local_setup_util_sh.py'
[1.817s] INFO:colcon.colcon_core.shell:Creating prefix chain script '/home/bhanu/abhiyaan/cone_detection/src/cone_detection/install/setup.sh'
[1.820s] INFO:colcon.colcon_core.shell:Creating prefix script '/home/bhanu/abhiyaan/cone_detection/src/cone_detection/install/local_setup.bash'
[1.821s] INFO:colcon.colcon_core.shell:Creating prefix chain script '/home/bhanu/abhiyaan/cone_detection/src/cone_detection/install/setup.bash'
[1.823s] INFO:colcon.colcon_core.shell:Creating prefix script '/home/bhanu/abhiyaan/cone_detection/src/cone_detection/install/local_setup.zsh'
[1.825s] INFO:colcon.colcon_core.shell:Creating prefix chain script '/home/bhanu/abhiyaan/cone_detection/src/cone_detection/install/setup.zsh'
