Built target ament_cmake_python_copy_cone_detection
running egg_info
writing cone_detection.egg-info/PKG-INFO
writing dependency_links to cone_detection.egg-info/dependency_links.txt
writing top-level names to cone_detection.egg-info/top_level.txt
reading manifest file 'cone_detection.egg-info/SOURCES.txt'
writing manifest file 'cone_detection.egg-info/SOURCES.txt'
Built target ament_cmake_python_build_cone_detection_egg
-- Install configuration: ""
-- Up-to-date: /home/bhanu/abhiyaan/cone_detection/src/cone_detection/install/cone_detection/share/cone_detection/environment/pythonpath.sh
-- Up-to-date: /home/bhanu/abhiyaan/cone_detection/src/cone_detection/install/cone_detection/share/cone_detection/environment/pythonpath.dsv
-- Up-to-date: /home/bhanu/abhiyaan/cone_detection/src/cone_detection/install/cone_detection/local/lib/python3.10/dist-packages/cone_detection-0.0.0-py3.10.egg-info
-- Installing: /home/bhanu/abhiyaan/cone_detection/src/cone_detection/install/cone_detection/local/lib/python3.10/dist-packages/cone_detection-0.0.0-py3.10.egg-info/PKG-INFO
-- Installing: /home/bhanu/abhiyaan/cone_detection/src/cone_detection/install/cone_detection/local/lib/python3.10/dist-packages/cone_detection-0.0.0-py3.10.egg-info/dependency_links.txt
-- Installing: /home/bhanu/abhiyaan/cone_detection/src/cone_detection/install/cone_detection/local/lib/python3.10/dist-packages/cone_detection-0.0.0-py3.10.egg-info/top_level.txt
-- Installing: /home/bhanu/abhiyaan/cone_detection/src/cone_detection/install/cone_detection/local/lib/python3.10/dist-packages/cone_detection-0.0.0-py3.10.egg-info/SOURCES.txt
-- Up-to-date: /home/bhanu/abhiyaan/cone_detection/src/cone_detection/install/cone_detection/local/lib/python3.10/dist-packages/cone_detection
-- Up-to-date: /home/bhanu/abhiyaan/cone_detection/src/cone_detection/install/cone_detection/local/lib/python3.10/dist-packages/cone_detection/.ipynb_checkpoints
-- Up-to-date: /home/bhanu/abhiyaan/cone_detection/src/cone_detection/install/cone_detection/local/lib/python3.10/dist-packages/cone_detection/.ipynb_checkpoints/main-checkpoint.py
-- Up-to-date: /home/bhanu/abhiyaan/cone_detection/src/cone_detection/install/cone_detection/local/lib/python3.10/dist-packages/cone_detection/__init__.py
-- Installing: /home/bhanu/abhiyaan/cone_detection/src/cone_detection/install/cone_detection/local/lib/python3.10/dist-packages/cone_detection/main.py
Listing '/home/bhanu/abhiyaan/cone_detection/src/cone_detection/install/cone_detection/local/lib/python3.10/dist-packages/cone_detection'...
Listing '/home/bhanu/abhiyaan/cone_detection/src/cone_detection/install/cone_detection/local/lib/python3.10/dist-packages/cone_detection/.ipynb_checkpoints'...
Compiling '/home/bhanu/abhiyaan/cone_detection/src/cone_detection/install/cone_detection/local/lib/python3.10/dist-packages/cone_detection/main.py'...
-- Up-to-date: /home/bhanu/abhiyaan/cone_detection/src/cone_detection/install/cone_detection/share/cone_detection/model
-- Up-to-date: /home/bhanu/abhiyaan/cone_detection/src/cone_detection/install/cone_detection/share/cone_detection/model/.ipynb_checkpoints
-- Up-to-date: /home/bhanu/abhiyaan/cone_detection/src/cone_detection/install/cone_detection/share/cone_detection/model/.ipynb_checkpoints/main-checkpoint.py
-- Installing: /home/bhanu/abhiyaan/cone_detection/src/cone_detection/install/cone_detection/share/cone_detection/model/main.py
-- Up-to-date: /home/bhanu/abhiyaan/cone_detection/src/cone_detection/install/cone_detection/share/cone_detection/launch
-- Up-to-date: /home/bhanu/abhiyaan/cone_detection/src/cone_detection/install/cone_detection/share/cone_detection/launch/.ipynb_checkpoints
-- Up-to-date: /home/bhanu/abhiyaan/cone_detection/src/cone_detection/install/cone_detection/share/cone_detection/launch/.ipynb_checkpoints/object_detection.launch-checkpoint.py
-- Up-to-date: /home/bhanu/abhiyaan/cone_detection/src/cone_detection/install/cone_detection/share/cone_detection/launch/cone_detection.launch.py
-- Up-to-date: /home/bhanu/abhiyaan/cone_detection/src/cone_detection/install/cone_detection/share/cone_detection/cone_detection
-- Up-to-date: /home/bhanu/abhiyaan/cone_detection/src/cone_detection/install/cone_detection/share/cone_detection/cone_detection/.ipynb_checkpoints
-- Up-to-date: /home/bhanu/abhiyaan/cone_detection/src/cone_detection/install/cone_detection/share/cone_detection/cone_detection/.ipynb_checkpoints/main-checkpoint.py
-- Up-to-date: /home/bhanu/abhiyaan/cone_detection/src/cone_detection/install/cone_detection/share/cone_detection/cone_detection/__init__.py
-- Installing: /home/bhanu/abhiyaan/cone_detection/src/cone_detection/install/cone_detection/share/cone_detection/cone_detection/main.py
-- Up-to-date: /home/bhanu/abhiyaan/cone_detection/src/cone_detection/install/cone_detection/share/cone_detection/src
-- Installing: /home/bhanu/abhiyaan/cone_detection/src/cone_detection/install/cone_detection/lib/cone_detection/main.py
-- Up-to-date: /home/bhanu/abhiyaan/cone_detection/src/cone_detection/install/cone_detection/share/ament_index/resource_index/package_run_dependencies/cone_detection
-- Up-to-date: /home/bhanu/abhiyaan/cone_detection/src/cone_detection/install/cone_detection/share/ament_index/resource_index/parent_prefix_path/cone_detection
-- Up-to-date: /home/bhanu/abhiyaan/cone_detection/src/cone_detection/install/cone_detection/share/cone_detection/environment/ament_prefix_path.sh
-- Up-to-date: /home/bhanu/abhiyaan/cone_detection/src/cone_detection/install/cone_detection/share/cone_detection/environment/ament_prefix_path.dsv
-- Up-to-date: /home/bhanu/abhiyaan/cone_detection/src/cone_detection/install/cone_detection/share/cone_detection/environment/path.sh
-- Up-to-date: /home/bhanu/abhiyaan/cone_detection/src/cone_detection/install/cone_detection/share/cone_detection/environment/path.dsv
-- Up-to-date: /home/bhanu/abhiyaan/cone_detection/src/cone_detection/install/cone_detection/share/cone_detection/local_setup.bash
-- Up-to-date: /home/bhanu/abhiyaan/cone_detection/src/cone_detection/install/cone_detection/share/cone_detection/local_setup.sh
-- Up-to-date: /home/bhanu/abhiyaan/cone_detection/src/cone_detection/install/cone_detection/share/cone_detection/local_setup.zsh
-- Up-to-date: /home/bhanu/abhiyaan/cone_detection/src/cone_detection/install/cone_detection/share/cone_detection/local_setup.dsv
-- Up-to-date: /home/bhanu/abhiyaan/cone_detection/src/cone_detection/install/cone_detection/share/cone_detection/package.dsv
-- Up-to-date: /home/bhanu/abhiyaan/cone_detection/src/cone_detection/install/cone_detection/share/ament_index/resource_index/packages/cone_detection
-- Up-to-date: /home/bhanu/abhiyaan/cone_detection/src/cone_detection/install/cone_detection/share/cone_detection/cmake/cone_detectionConfig.cmake
-- Up-to-date: /home/bhanu/abhiyaan/cone_detection/src/cone_detection/install/cone_detection/share/cone_detection/cmake/cone_detectionConfig-version.cmake
-- Up-to-date: /home/bhanu/abhiyaan/cone_detection/src/cone_detection/install/cone_detection/share/cone_detection/package.xml
