[0.030s] Invoking command in '/home/bhanu/abhiyaan/cone_detection/src/cone_detection/build/cone_detection': CMAKE_PREFIX_PATH=${CMAKE_PREFIX_PATH}:/opt/ros/humble /usr/bin/cmake --build /home/bhanu/abhiyaan/cone_detection/src/cone_detection/build/cone_detection -- -j8 -l8
[0.158s] Built target ament_cmake_python_copy_cone_detection
[0.830s] running egg_info
[0.831s] writing cone_detection.egg-info/PKG-INFO
[0.832s] writing dependency_links to cone_detection.egg-info/dependency_links.txt
[0.832s] writing top-level names to cone_detection.egg-info/top_level.txt
[0.837s] reading manifest file 'cone_detection.egg-info/SOURCES.txt'
[0.838s] writing manifest file 'cone_detection.egg-info/SOURCES.txt'
[0.897s] Built target ament_cmake_python_build_cone_detection_egg
[0.914s] Invoked command in '/home/bhanu/abhiyaan/cone_detection/src/cone_detection/build/cone_detection' returned '0': CMAKE_PREFIX_PATH=${CMAKE_PREFIX_PATH}:/opt/ros/humble /usr/bin/cmake --build /home/bhanu/abhiyaan/cone_detection/src/cone_detection/build/cone_detection -- -j8 -l8
[0.965s] Invoking command in '/home/bhanu/abhiyaan/cone_detection/src/cone_detection/build/cone_detection': CMAKE_PREFIX_PATH=${CMAKE_PREFIX_PATH}:/opt/ros/humble /usr/bin/cmake --install /home/bhanu/abhiyaan/cone_detection/src/cone_detection/build/cone_detection
[0.986s] -- Install configuration: ""
[0.987s] -- Up-to-date: /home/bhanu/abhiyaan/cone_detection/src/cone_detection/install/cone_detection/share/cone_detection/environment/pythonpath.sh
[0.988s] -- Up-to-date: /home/bhanu/abhiyaan/cone_detection/src/cone_detection/install/cone_detection/share/cone_detection/environment/pythonpath.dsv
[0.988s] -- Up-to-date: /home/bhanu/abhiyaan/cone_detection/src/cone_detection/install/cone_detection/local/lib/python3.10/dist-packages/cone_detection-0.0.0-py3.10.egg-info
[0.988s] -- Installing: /home/bhanu/abhiyaan/cone_detection/src/cone_detection/install/cone_detection/local/lib/python3.10/dist-packages/cone_detection-0.0.0-py3.10.egg-info/PKG-INFO
[0.988s] -- Installing: /home/bhanu/abhiyaan/cone_detection/src/cone_detection/install/cone_detection/local/lib/python3.10/dist-packages/cone_detection-0.0.0-py3.10.egg-info/dependency_links.txt
[0.988s] -- Installing: /home/bhanu/abhiyaan/cone_detection/src/cone_detection/install/cone_detection/local/lib/python3.10/dist-packages/cone_detection-0.0.0-py3.10.egg-info/top_level.txt
[0.988s] -- Installing: /home/bhanu/abhiyaan/cone_detection/src/cone_detection/install/cone_detection/local/lib/python3.10/dist-packages/cone_detection-0.0.0-py3.10.egg-info/SOURCES.txt
[0.988s] -- Up-to-date: /home/bhanu/abhiyaan/cone_detection/src/cone_detection/install/cone_detection/local/lib/python3.10/dist-packages/cone_detection
[0.989s] -- Up-to-date: /home/bhanu/abhiyaan/cone_detection/src/cone_detection/install/cone_detection/local/lib/python3.10/dist-packages/cone_detection/.ipynb_checkpoints
[0.989s] -- Up-to-date: /home/bhanu/abhiyaan/cone_detection/src/cone_detection/install/cone_detection/local/lib/python3.10/dist-packages/cone_detection/.ipynb_checkpoints/main-checkpoint.py
[0.989s] -- Up-to-date: /home/bhanu/abhiyaan/cone_detection/src/cone_detection/install/cone_detection/local/lib/python3.10/dist-packages/cone_detection/__init__.py
[0.989s] -- Installing: /home/bhanu/abhiyaan/cone_detection/src/cone_detection/install/cone_detection/local/lib/python3.10/dist-packages/cone_detection/main.py
[1.058s] Listing '/home/bhanu/abhiyaan/cone_detection/src/cone_detection/install/cone_detection/local/lib/python3.10/dist-packages/cone_detection'...
[1.058s] Listing '/home/bhanu/abhiyaan/cone_detection/src/cone_detection/install/cone_detection/local/lib/python3.10/dist-packages/cone_detection/.ipynb_checkpoints'...
[1.059s] Compiling '/home/bhanu/abhiyaan/cone_detection/src/cone_detection/install/cone_detection/local/lib/python3.10/dist-packages/cone_detection/main.py'...
[1.070s] -- Up-to-date: /home/bhanu/abhiyaan/cone_detection/src/cone_detection/install/cone_detection/share/cone_detection/model
[1.071s] -- Up-to-date: /home/bhanu/abhiyaan/cone_detection/src/cone_detection/install/cone_detection/share/cone_detection/model/.ipynb_checkpoints
[1.071s] -- Up-to-date: /home/bhanu/abhiyaan/cone_detection/src/cone_detection/install/cone_detection/share/cone_detection/model/.ipynb_checkpoints/main-checkpoint.py
[1.071s] -- Up-to-date: /home/bhanu/abhiyaan/cone_detection/src/cone_detection/install/cone_detection/share/cone_detection/model/main.py
[1.071s] -- Up-to-date: /home/bhanu/abhiyaan/cone_detection/src/cone_detection/install/cone_detection/share/cone_detection/launch
[1.072s] -- Up-to-date: /home/bhanu/abhiyaan/cone_detection/src/cone_detection/install/cone_detection/share/cone_detection/launch/.ipynb_checkpoints
[1.072s] -- Up-to-date: /home/bhanu/abhiyaan/cone_detection/src/cone_detection/install/cone_detection/share/cone_detection/launch/.ipynb_checkpoints/object_detection.launch-checkpoint.py
[1.072s] -- Up-to-date: /home/bhanu/abhiyaan/cone_detection/src/cone_detection/install/cone_detection/share/cone_detection/launch/cone_detection.launch.py
[1.072s] -- Up-to-date: /home/bhanu/abhiyaan/cone_detection/src/cone_detection/install/cone_detection/share/cone_detection/cone_detection
[1.072s] -- Up-to-date: /home/bhanu/abhiyaan/cone_detection/src/cone_detection/install/cone_detection/share/cone_detection/cone_detection/.ipynb_checkpoints
[1.072s] -- Up-to-date: /home/bhanu/abhiyaan/cone_detection/src/cone_detection/install/cone_detection/share/cone_detection/cone_detection/.ipynb_checkpoints/main-checkpoint.py
[1.072s] -- Up-to-date: /home/bhanu/abhiyaan/cone_detection/src/cone_detection/install/cone_detection/share/cone_detection/cone_detection/__init__.py
[1.073s] -- Installing: /home/bhanu/abhiyaan/cone_detection/src/cone_detection/install/cone_detection/share/cone_detection/cone_detection/main.py
[1.073s] -- Up-to-date: /home/bhanu/abhiyaan/cone_detection/src/cone_detection/install/cone_detection/share/cone_detection/src
[1.073s] -- Installing: /home/bhanu/abhiyaan/cone_detection/src/cone_detection/install/cone_detection/lib/cone_detection/main.py
[1.073s] -- Up-to-date: /home/bhanu/abhiyaan/cone_detection/src/cone_detection/install/cone_detection/share/ament_index/resource_index/package_run_dependencies/cone_detection
[1.073s] -- Up-to-date: /home/bhanu/abhiyaan/cone_detection/src/cone_detection/install/cone_detection/share/ament_index/resource_index/parent_prefix_path/cone_detection
[1.074s] -- Up-to-date: /home/bhanu/abhiyaan/cone_detection/src/cone_detection/install/cone_detection/share/cone_detection/environment/ament_prefix_path.sh
[1.074s] -- Up-to-date: /home/bhanu/abhiyaan/cone_detection/src/cone_detection/install/cone_detection/share/cone_detection/environment/ament_prefix_path.dsv
[1.074s] -- Up-to-date: /home/bhanu/abhiyaan/cone_detection/src/cone_detection/install/cone_detection/share/cone_detection/environment/path.sh
[1.074s] -- Up-to-date: /home/bhanu/abhiyaan/cone_detection/src/cone_detection/install/cone_detection/share/cone_detection/environment/path.dsv
[1.074s] -- Up-to-date: /home/bhanu/abhiyaan/cone_detection/src/cone_detection/install/cone_detection/share/cone_detection/local_setup.bash
[1.074s] -- Up-to-date: /home/bhanu/abhiyaan/cone_detection/src/cone_detection/install/cone_detection/share/cone_detection/local_setup.sh
[1.074s] -- Up-to-date: /home/bhanu/abhiyaan/cone_detection/src/cone_detection/install/cone_detection/share/cone_detection/local_setup.zsh
[1.075s] -- Up-to-date: /home/bhanu/abhiyaan/cone_detection/src/cone_detection/install/cone_detection/share/cone_detection/local_setup.dsv
[1.075s] -- Installing: /home/bhanu/abhiyaan/cone_detection/src/cone_detection/install/cone_detection/share/cone_detection/package.dsv
[1.075s] -- Up-to-date: /home/bhanu/abhiyaan/cone_detection/src/cone_detection/install/cone_detection/share/ament_index/resource_index/packages/cone_detection
[1.075s] -- Up-to-date: /home/bhanu/abhiyaan/cone_detection/src/cone_detection/install/cone_detection/share/cone_detection/cmake/cone_detectionConfig.cmake
[1.076s] -- Up-to-date: /home/bhanu/abhiyaan/cone_detection/src/cone_detection/install/cone_detection/share/cone_detection/cmake/cone_detectionConfig-version.cmake
[1.076s] -- Up-to-date: /home/bhanu/abhiyaan/cone_detection/src/cone_detection/install/cone_detection/share/cone_detection/package.xml
[1.078s] Invoked command in '/home/bhanu/abhiyaan/cone_detection/src/cone_detection/build/cone_detection' returned '0': CMAKE_PREFIX_PATH=${CMAKE_PREFIX_PATH}:/opt/ros/humble /usr/bin/cmake --install /home/bhanu/abhiyaan/cone_detection/src/cone_detection/build/cone_detection
