[0.015s] Invoking command in '/home/bhanu/abhiyaan/cone_detection/src/cone_detection/build/cone_detection': CMAKE_PREFIX_PATH=${CMAKE_PREFIX_PATH}:/opt/ros/humble /usr/bin/cmake --build /home/bhanu/abhiyaan/cone_detection/src/cone_detection/build/cone_detection -- -j8 -l8
[0.094s] Built target ament_cmake_python_copy_cone_detection
[0.620s] running egg_info
[0.621s] writing cone_detection.egg-info/PKG-INFO
[0.621s] writing dependency_links to cone_detection.egg-info/dependency_links.txt
[0.622s] writing top-level names to cone_detection.egg-info/top_level.txt
[0.625s] reading manifest file 'cone_detection.egg-info/SOURCES.txt'
[0.626s] writing manifest file 'cone_detection.egg-info/SOURCES.txt'
[0.676s] Built target ament_cmake_python_build_cone_detection_egg
[0.693s] Invoked command in '/home/bhanu/abhiyaan/cone_detection/src/cone_detection/build/cone_detection' returned '0': CMAKE_PREFIX_PATH=${CMAKE_PREFIX_PATH}:/opt/ros/humble /usr/bin/cmake --build /home/bhanu/abhiyaan/cone_detection/src/cone_detection/build/cone_detection -- -j8 -l8
[0.742s] Invoking command in '/home/bhanu/abhiyaan/cone_detection/src/cone_detection/build/cone_detection': CMAKE_PREFIX_PATH=${CMAKE_PREFIX_PATH}:/opt/ros/humble /usr/bin/cmake --install /home/bhanu/abhiyaan/cone_detection/src/cone_detection/build/cone_detection
[0.752s] -- Install configuration: ""
[0.752s] -- Up-to-date: /home/bhanu/abhiyaan/cone_detection/src/cone_detection/install/cone_detection/share/cone_detection/environment/pythonpath.sh
[0.752s] -- Up-to-date: /home/bhanu/abhiyaan/cone_detection/src/cone_detection/install/cone_detection/share/cone_detection/environment/pythonpath.dsv
[0.753s] -- Up-to-date: /home/bhanu/abhiyaan/cone_detection/src/cone_detection/install/cone_detection/local/lib/python3.10/dist-packages/cone_detection-0.0.0-py3.10.egg-info
[0.753s] -- Installing: /home/bhanu/abhiyaan/cone_detection/src/cone_detection/install/cone_detection/local/lib/python3.10/dist-packages/cone_detection-0.0.0-py3.10.egg-info/PKG-INFO
[0.753s] -- Installing: /home/bhanu/abhiyaan/cone_detection/src/cone_detection/install/cone_detection/local/lib/python3.10/dist-packages/cone_detection-0.0.0-py3.10.egg-info/dependency_links.txt
[0.753s] -- Installing: /home/bhanu/abhiyaan/cone_detection/src/cone_detection/install/cone_detection/local/lib/python3.10/dist-packages/cone_detection-0.0.0-py3.10.egg-info/top_level.txt
[0.753s] -- Installing: /home/bhanu/abhiyaan/cone_detection/src/cone_detection/install/cone_detection/local/lib/python3.10/dist-packages/cone_detection-0.0.0-py3.10.egg-info/SOURCES.txt
[0.753s] -- Up-to-date: /home/bhanu/abhiyaan/cone_detection/src/cone_detection/install/cone_detection/local/lib/python3.10/dist-packages/cone_detection
[0.754s] -- Up-to-date: /home/bhanu/abhiyaan/cone_detection/src/cone_detection/install/cone_detection/local/lib/python3.10/dist-packages/cone_detection/.ipynb_checkpoints
[0.754s] -- Up-to-date: /home/bhanu/abhiyaan/cone_detection/src/cone_detection/install/cone_detection/local/lib/python3.10/dist-packages/cone_detection/.ipynb_checkpoints/main-checkpoint.py
[0.754s] -- Up-to-date: /home/bhanu/abhiyaan/cone_detection/src/cone_detection/install/cone_detection/local/lib/python3.10/dist-packages/cone_detection/__init__.py
[0.754s] -- Installing: /home/bhanu/abhiyaan/cone_detection/src/cone_detection/install/cone_detection/local/lib/python3.10/dist-packages/cone_detection/main.py
[0.799s] Listing '/home/bhanu/abhiyaan/cone_detection/src/cone_detection/install/cone_detection/local/lib/python3.10/dist-packages/cone_detection'...
[0.800s] Listing '/home/bhanu/abhiyaan/cone_detection/src/cone_detection/install/cone_detection/local/lib/python3.10/dist-packages/cone_detection/.ipynb_checkpoints'...
[0.800s] Compiling '/home/bhanu/abhiyaan/cone_detection/src/cone_detection/install/cone_detection/local/lib/python3.10/dist-packages/cone_detection/main.py'...
[0.806s] -- Up-to-date: /home/bhanu/abhiyaan/cone_detection/src/cone_detection/install/cone_detection/share/cone_detection/model
[0.806s] -- Up-to-date: /home/bhanu/abhiyaan/cone_detection/src/cone_detection/install/cone_detection/share/cone_detection/model/.ipynb_checkpoints
[0.806s] -- Up-to-date: /home/bhanu/abhiyaan/cone_detection/src/cone_detection/install/cone_detection/share/cone_detection/model/.ipynb_checkpoints/main-checkpoint.py
[0.806s] -- Up-to-date: /home/bhanu/abhiyaan/cone_detection/src/cone_detection/install/cone_detection/share/cone_detection/model/main.py
[0.806s] -- Up-to-date: /home/bhanu/abhiyaan/cone_detection/src/cone_detection/install/cone_detection/share/cone_detection/launch
[0.806s] -- Up-to-date: /home/bhanu/abhiyaan/cone_detection/src/cone_detection/install/cone_detection/share/cone_detection/launch/.ipynb_checkpoints
[0.807s] -- Up-to-date: /home/bhanu/abhiyaan/cone_detection/src/cone_detection/install/cone_detection/share/cone_detection/launch/.ipynb_checkpoints/object_detection.launch-checkpoint.py
[0.807s] -- Up-to-date: /home/bhanu/abhiyaan/cone_detection/src/cone_detection/install/cone_detection/share/cone_detection/launch/cone_detection.launch.py
[0.807s] -- Up-to-date: /home/bhanu/abhiyaan/cone_detection/src/cone_detection/install/cone_detection/share/cone_detection/cone_detection
[0.807s] -- Up-to-date: /home/bhanu/abhiyaan/cone_detection/src/cone_detection/install/cone_detection/share/cone_detection/cone_detection/.ipynb_checkpoints
[0.807s] -- Up-to-date: /home/bhanu/abhiyaan/cone_detection/src/cone_detection/install/cone_detection/share/cone_detection/cone_detection/.ipynb_checkpoints/main-checkpoint.py
[0.807s] -- Up-to-date: /home/bhanu/abhiyaan/cone_detection/src/cone_detection/install/cone_detection/share/cone_detection/cone_detection/__init__.py
[0.807s] -- Installing: /home/bhanu/abhiyaan/cone_detection/src/cone_detection/install/cone_detection/share/cone_detection/cone_detection/main.py
[0.808s] -- Up-to-date: /home/bhanu/abhiyaan/cone_detection/src/cone_detection/install/cone_detection/share/cone_detection/src
[0.808s] -- Installing: /home/bhanu/abhiyaan/cone_detection/src/cone_detection/install/cone_detection/lib/cone_detection/main.py
[0.808s] -- Up-to-date: /home/bhanu/abhiyaan/cone_detection/src/cone_detection/install/cone_detection/share/ament_index/resource_index/package_run_dependencies/cone_detection
[0.808s] -- Up-to-date: /home/bhanu/abhiyaan/cone_detection/src/cone_detection/install/cone_detection/share/ament_index/resource_index/parent_prefix_path/cone_detection
[0.808s] -- Up-to-date: /home/bhanu/abhiyaan/cone_detection/src/cone_detection/install/cone_detection/share/cone_detection/environment/ament_prefix_path.sh
[0.808s] -- Up-to-date: /home/bhanu/abhiyaan/cone_detection/src/cone_detection/install/cone_detection/share/cone_detection/environment/ament_prefix_path.dsv
[0.808s] -- Up-to-date: /home/bhanu/abhiyaan/cone_detection/src/cone_detection/install/cone_detection/share/cone_detection/environment/path.sh
[0.808s] -- Up-to-date: /home/bhanu/abhiyaan/cone_detection/src/cone_detection/install/cone_detection/share/cone_detection/environment/path.dsv
[0.809s] -- Up-to-date: /home/bhanu/abhiyaan/cone_detection/src/cone_detection/install/cone_detection/share/cone_detection/local_setup.bash
[0.809s] -- Up-to-date: /home/bhanu/abhiyaan/cone_detection/src/cone_detection/install/cone_detection/share/cone_detection/local_setup.sh
[0.809s] -- Up-to-date: /home/bhanu/abhiyaan/cone_detection/src/cone_detection/install/cone_detection/share/cone_detection/local_setup.zsh
[0.809s] -- Up-to-date: /home/bhanu/abhiyaan/cone_detection/src/cone_detection/install/cone_detection/share/cone_detection/local_setup.dsv
[0.809s] -- Installing: /home/bhanu/abhiyaan/cone_detection/src/cone_detection/install/cone_detection/share/cone_detection/package.dsv
[0.809s] -- Up-to-date: /home/bhanu/abhiyaan/cone_detection/src/cone_detection/install/cone_detection/share/ament_index/resource_index/packages/cone_detection
[0.810s] -- Up-to-date: /home/bhanu/abhiyaan/cone_detection/src/cone_detection/install/cone_detection/share/cone_detection/cmake/cone_detectionConfig.cmake
[0.810s] -- Up-to-date: /home/bhanu/abhiyaan/cone_detection/src/cone_detection/install/cone_detection/share/cone_detection/cmake/cone_detectionConfig-version.cmake
[0.810s] -- Up-to-date: /home/bhanu/abhiyaan/cone_detection/src/cone_detection/install/cone_detection/share/cone_detection/package.xml
[0.811s] Invoked command in '/home/bhanu/abhiyaan/cone_detection/src/cone_detection/build/cone_detection' returned '0': CMAKE_PREFIX_PATH=${CMAKE_PREFIX_PATH}:/opt/ros/humble /usr/bin/cmake --install /home/bhanu/abhiyaan/cone_detection/src/cone_detection/build/cone_detection
