[0.013s] Invoking command in '/home/bhanu/abhiyaan/cone_detection/src/cone_detection/build/cone_detection': CMAKE_PREFIX_PATH=${CMAKE_PREFIX_PATH}:/opt/ros/humble /usr/bin/cmake --build /home/bhanu/abhiyaan/cone_detection/src/cone_detection/build/cone_detection -- -j8 -l8
[0.079s] Built target ament_cmake_python_copy_cone_detection
[0.486s] running egg_info
[0.487s] writing cone_detection.egg-info/PKG-INFO
[0.487s] writing dependency_links to cone_detection.egg-info/dependency_links.txt
[0.487s] writing top-level names to cone_detection.egg-info/top_level.txt
[0.490s] reading manifest file 'cone_detection.egg-info/SOURCES.txt'
[0.491s] writing manifest file 'cone_detection.egg-info/SOURCES.txt'
[0.539s] Built target ament_cmake_python_build_cone_detection_egg
[0.551s] Invoked command in '/home/bhanu/abhiyaan/cone_detection/src/cone_detection/build/cone_detection' returned '0': CMAKE_PREFIX_PATH=${CMAKE_PREFIX_PATH}:/opt/ros/humble /usr/bin/cmake --build /home/bhanu/abhiyaan/cone_detection/src/cone_detection/build/cone_detection -- -j8 -l8
[0.588s] Invoking command in '/home/bhanu/abhiyaan/cone_detection/src/cone_detection/build/cone_detection': CMAKE_PREFIX_PATH=${CMAKE_PREFIX_PATH}:/opt/ros/humble /usr/bin/cmake --install /home/bhanu/abhiyaan/cone_detection/src/cone_detection/build/cone_detection
[0.596s] -- Install configuration: ""
[0.596s] -- Up-to-date: /home/bhanu/abhiyaan/cone_detection/src/cone_detection/install/cone_detection/share/cone_detection/environment/pythonpath.sh
[0.596s] -- Up-to-date: /home/bhanu/abhiyaan/cone_detection/src/cone_detection/install/cone_detection/share/cone_detection/environment/pythonpath.dsv
[0.597s] -- Up-to-date: /home/bhanu/abhiyaan/cone_detection/src/cone_detection/install/cone_detection/local/lib/python3.10/dist-packages/cone_detection-0.0.0-py3.10.egg-info
[0.597s] -- Installing: /home/bhanu/abhiyaan/cone_detection/src/cone_detection/install/cone_detection/local/lib/python3.10/dist-packages/cone_detection-0.0.0-py3.10.egg-info/PKG-INFO
[0.597s] -- Installing: /home/bhanu/abhiyaan/cone_detection/src/cone_detection/install/cone_detection/local/lib/python3.10/dist-packages/cone_detection-0.0.0-py3.10.egg-info/dependency_links.txt
[0.597s] -- Installing: /home/bhanu/abhiyaan/cone_detection/src/cone_detection/install/cone_detection/local/lib/python3.10/dist-packages/cone_detection-0.0.0-py3.10.egg-info/top_level.txt
[0.597s] -- Installing: /home/bhanu/abhiyaan/cone_detection/src/cone_detection/install/cone_detection/local/lib/python3.10/dist-packages/cone_detection-0.0.0-py3.10.egg-info/SOURCES.txt
[0.597s] -- Up-to-date: /home/bhanu/abhiyaan/cone_detection/src/cone_detection/install/cone_detection/local/lib/python3.10/dist-packages/cone_detection
[0.597s] -- Up-to-date: /home/bhanu/abhiyaan/cone_detection/src/cone_detection/install/cone_detection/local/lib/python3.10/dist-packages/cone_detection/.ipynb_checkpoints
[0.597s] -- Up-to-date: /home/bhanu/abhiyaan/cone_detection/src/cone_detection/install/cone_detection/local/lib/python3.10/dist-packages/cone_detection/.ipynb_checkpoints/main-checkpoint.py
[0.598s] -- Up-to-date: /home/bhanu/abhiyaan/cone_detection/src/cone_detection/install/cone_detection/local/lib/python3.10/dist-packages/cone_detection/__init__.py
[0.598s] -- Installing: /home/bhanu/abhiyaan/cone_detection/src/cone_detection/install/cone_detection/local/lib/python3.10/dist-packages/cone_detection/main.py
[0.638s] Listing '/home/bhanu/abhiyaan/cone_detection/src/cone_detection/install/cone_detection/local/lib/python3.10/dist-packages/cone_detection'...
[0.639s] Listing '/home/bhanu/abhiyaan/cone_detection/src/cone_detection/install/cone_detection/local/lib/python3.10/dist-packages/cone_detection/.ipynb_checkpoints'...
[0.639s] Compiling '/home/bhanu/abhiyaan/cone_detection/src/cone_detection/install/cone_detection/local/lib/python3.10/dist-packages/cone_detection/main.py'...
[0.646s] -- Up-to-date: /home/bhanu/abhiyaan/cone_detection/src/cone_detection/install/cone_detection/share/cone_detection/model
[0.646s] -- Up-to-date: /home/bhanu/abhiyaan/cone_detection/src/cone_detection/install/cone_detection/share/cone_detection/model/.ipynb_checkpoints
[0.647s] -- Up-to-date: /home/bhanu/abhiyaan/cone_detection/src/cone_detection/install/cone_detection/share/cone_detection/model/.ipynb_checkpoints/main-checkpoint.py
[0.647s] -- Up-to-date: /home/bhanu/abhiyaan/cone_detection/src/cone_detection/install/cone_detection/share/cone_detection/model/main.py
[0.647s] -- Up-to-date: /home/bhanu/abhiyaan/cone_detection/src/cone_detection/install/cone_detection/share/cone_detection/launch
[0.647s] -- Up-to-date: /home/bhanu/abhiyaan/cone_detection/src/cone_detection/install/cone_detection/share/cone_detection/launch/.ipynb_checkpoints
[0.647s] -- Up-to-date: /home/bhanu/abhiyaan/cone_detection/src/cone_detection/install/cone_detection/share/cone_detection/launch/.ipynb_checkpoints/object_detection.launch-checkpoint.py
[0.648s] -- Up-to-date: /home/bhanu/abhiyaan/cone_detection/src/cone_detection/install/cone_detection/share/cone_detection/launch/cone_detection.launch.py
[0.648s] -- Up-to-date: /home/bhanu/abhiyaan/cone_detection/src/cone_detection/install/cone_detection/share/cone_detection/cone_detection
[0.648s] -- Up-to-date: /home/bhanu/abhiyaan/cone_detection/src/cone_detection/install/cone_detection/share/cone_detection/cone_detection/.ipynb_checkpoints
[0.648s] -- Up-to-date: /home/bhanu/abhiyaan/cone_detection/src/cone_detection/install/cone_detection/share/cone_detection/cone_detection/.ipynb_checkpoints/main-checkpoint.py
[0.648s] -- Up-to-date: /home/bhanu/abhiyaan/cone_detection/src/cone_detection/install/cone_detection/share/cone_detection/cone_detection/__init__.py
[0.648s] -- Installing: /home/bhanu/abhiyaan/cone_detection/src/cone_detection/install/cone_detection/share/cone_detection/cone_detection/main.py
[0.648s] -- Up-to-date: /home/bhanu/abhiyaan/cone_detection/src/cone_detection/install/cone_detection/share/cone_detection/src
[0.648s] -- Installing: /home/bhanu/abhiyaan/cone_detection/src/cone_detection/install/cone_detection/lib/cone_detection/main.py
[0.649s] -- Up-to-date: /home/bhanu/abhiyaan/cone_detection/src/cone_detection/install/cone_detection/share/ament_index/resource_index/package_run_dependencies/cone_detection
[0.649s] -- Up-to-date: /home/bhanu/abhiyaan/cone_detection/src/cone_detection/install/cone_detection/share/ament_index/resource_index/parent_prefix_path/cone_detection
[0.649s] -- Up-to-date: /home/bhanu/abhiyaan/cone_detection/src/cone_detection/install/cone_detection/share/cone_detection/environment/ament_prefix_path.sh
[0.649s] -- Up-to-date: /home/bhanu/abhiyaan/cone_detection/src/cone_detection/install/cone_detection/share/cone_detection/environment/ament_prefix_path.dsv
[0.649s] -- Up-to-date: /home/bhanu/abhiyaan/cone_detection/src/cone_detection/install/cone_detection/share/cone_detection/environment/path.sh
[0.650s] -- Up-to-date: /home/bhanu/abhiyaan/cone_detection/src/cone_detection/install/cone_detection/share/cone_detection/environment/path.dsv
[0.650s] -- Up-to-date: /home/bhanu/abhiyaan/cone_detection/src/cone_detection/install/cone_detection/share/cone_detection/local_setup.bash
[0.650s] -- Up-to-date: /home/bhanu/abhiyaan/cone_detection/src/cone_detection/install/cone_detection/share/cone_detection/local_setup.sh
[0.650s] -- Up-to-date: /home/bhanu/abhiyaan/cone_detection/src/cone_detection/install/cone_detection/share/cone_detection/local_setup.zsh
[0.651s] -- Up-to-date: /home/bhanu/abhiyaan/cone_detection/src/cone_detection/install/cone_detection/share/cone_detection/local_setup.dsv
[0.651s] -- Installing: /home/bhanu/abhiyaan/cone_detection/src/cone_detection/install/cone_detection/share/cone_detection/package.dsv
[0.651s] -- Up-to-date: /home/bhanu/abhiyaan/cone_detection/src/cone_detection/install/cone_detection/share/ament_index/resource_index/packages/cone_detection
[0.651s] -- Up-to-date: /home/bhanu/abhiyaan/cone_detection/src/cone_detection/install/cone_detection/share/cone_detection/cmake/cone_detectionConfig.cmake
[0.652s] -- Up-to-date: /home/bhanu/abhiyaan/cone_detection/src/cone_detection/install/cone_detection/share/cone_detection/cmake/cone_detectionConfig-version.cmake
[0.652s] -- Up-to-date: /home/bhanu/abhiyaan/cone_detection/src/cone_detection/install/cone_detection/share/cone_detection/package.xml
[0.652s] Invoked command in '/home/bhanu/abhiyaan/cone_detection/src/cone_detection/build/cone_detection' returned '0': CMAKE_PREFIX_PATH=${CMAKE_PREFIX_PATH}:/opt/ros/humble /usr/bin/cmake --install /home/bhanu/abhiyaan/cone_detection/src/cone_detection/build/cone_detection
