[0.139s] DEBUG:colcon:Command line arguments: ['/usr/bin/colcon', 'build']
[0.140s] DEBUG:colcon:Parsed command line arguments: Namespace(log_base=None, log_level=None, verb_name='build', build_base='build', install_base='install', merge_install=False, symlink_install=False, test_result_base=None, continue_on_error=False, executor='parallel', parallel_workers=8, event_handlers=None, ignore_user_meta=False, metas=['./colcon.meta'], base_paths=['.'], packages_ignore=None, packages_ignore_regex=None, paths=None, packages_up_to=None, packages_up_to_regex=None, packages_above=None, packages_above_and_dependencies=None, packages_above_depth=None, packages_select_by_dep=None, packages_skip_by_dep=None, packages_skip_up_to=None, packages_select_build_failed=False, packages_skip_build_finished=False, packages_select_test_failures=False, packages_skip_test_passed=False, packages_select=None, packages_skip=None, packages_select_regex=None, packages_skip_regex=None, packages_start=None, packages_end=None, allow_overriding=[], cmake_args=None, cmake_target=None, cmake_target_skip_unavailable=False, cmake_clean_cache=False, cmake_clean_first=False, cmake_force_configure=False, ament_cmake_args=None, catkin_cmake_args=None, catkin_skip_building_tests=False, mixin_files=None, mixin=None, verb_parser=<colcon_mixin.mixin.mixin_argument.MixinArgumentDecorator object at 0x74f9661a1ae0>, verb_extension=<colcon_core.verb.build.BuildVerb object at 0x74f9661a0a90>, main=<bound method BuildVerb.main of <colcon_core.verb.build.BuildVerb object at 0x74f9661a0a90>>, mixin_verb=('build',))
[0.408s] Level 1:colcon.colcon_core.package_discovery:discover_packages(colcon_meta) check parameters
[0.408s] Level 1:colcon.colcon_core.package_discovery:discover_packages(recursive) check parameters
[0.408s] Level 1:colcon.colcon_core.package_discovery:discover_packages(ignore) check parameters
[0.408s] Level 1:colcon.colcon_core.package_discovery:discover_packages(path) check parameters
[0.408s] Level 1:colcon.colcon_core.package_discovery:discover_packages(colcon_meta) discover
[0.408s] Level 1:colcon.colcon_core.package_discovery:discover_packages(recursive) discover
[0.408s] INFO:colcon.colcon_core.package_discovery:Crawling recursively for packages in '/home/bhanu/abhiyaan/cone_detection/src/cone_detection'
[0.408s] Level 1:colcon.colcon_core.package_identification:_identify(.) by extensions ['ignore', 'ignore_ament_install']
[0.409s] Level 1:colcon.colcon_core.package_identification:_identify(.) by extension 'ignore'
[0.409s] Level 1:colcon.colcon_core.package_identification:_identify(.) by extension 'ignore_ament_install'
[0.409s] Level 1:colcon.colcon_core.package_identification:_identify(.) by extensions ['colcon_pkg']
[0.409s] Level 1:colcon.colcon_core.package_identification:_identify(.) by extension 'colcon_pkg'
[0.409s] Level 1:colcon.colcon_core.package_identification:_identify(.) by extensions ['colcon_meta']
[0.409s] Level 1:colcon.colcon_core.package_identification:_identify(.) by extension 'colcon_meta'
[0.409s] Level 1:colcon.colcon_core.package_identification:_identify(.) by extensions ['ros']
[0.409s] Level 1:colcon.colcon_core.package_identification:_identify(.) by extension 'ros'
[0.434s] DEBUG:colcon.colcon_core.package_identification:Package '.' with type 'ros.ament_cmake' and name 'cone_detection'
[0.434s] Level 1:colcon.colcon_core.package_discovery:discover_packages(recursive) using defaults
[0.435s] Level 1:colcon.colcon_core.package_discovery:discover_packages(ignore) discover
[0.435s] Level 1:colcon.colcon_core.package_discovery:discover_packages(ignore) using defaults
[0.435s] Level 1:colcon.colcon_core.package_discovery:discover_packages(path) discover
[0.435s] Level 1:colcon.colcon_core.package_discovery:discover_packages(path) using defaults
[0.456s] Level 1:colcon.colcon_core.package_discovery:discover_packages(prefix_path) check parameters
[0.456s] Level 1:colcon.colcon_core.package_discovery:discover_packages(prefix_path) discover
[0.458s] DEBUG:colcon.colcon_installed_package_information.package_discovery:Found 1 installed packages in /home/bhanu/abhiyaan/cone_detection/src/cone_detection/install
[0.460s] DEBUG:colcon.colcon_installed_package_information.package_discovery:Found 328 installed packages in /opt/ros/humble
[0.462s] Level 1:colcon.colcon_core.package_discovery:discover_packages(prefix_path) using defaults
[0.514s] Level 5:colcon.colcon_core.verb:set package 'cone_detection' build argument 'cmake_args' from command line to 'None'
[0.514s] Level 5:colcon.colcon_core.verb:set package 'cone_detection' build argument 'cmake_target' from command line to 'None'
[0.514s] Level 5:colcon.colcon_core.verb:set package 'cone_detection' build argument 'cmake_target_skip_unavailable' from command line to 'False'
[0.515s] Level 5:colcon.colcon_core.verb:set package 'cone_detection' build argument 'cmake_clean_cache' from command line to 'False'
[0.515s] Level 5:colcon.colcon_core.verb:set package 'cone_detection' build argument 'cmake_clean_first' from command line to 'False'
[0.515s] Level 5:colcon.colcon_core.verb:set package 'cone_detection' build argument 'cmake_force_configure' from command line to 'False'
[0.515s] Level 5:colcon.colcon_core.verb:set package 'cone_detection' build argument 'ament_cmake_args' from command line to 'None'
[0.515s] Level 5:colcon.colcon_core.verb:set package 'cone_detection' build argument 'catkin_cmake_args' from command line to 'None'
[0.515s] Level 5:colcon.colcon_core.verb:set package 'cone_detection' build argument 'catkin_skip_building_tests' from command line to 'False'
[0.515s] DEBUG:colcon.colcon_core.verb:Building package 'cone_detection' with the following arguments: {'ament_cmake_args': None, 'build_base': '/home/bhanu/abhiyaan/cone_detection/src/cone_detection/build/cone_detection', 'catkin_cmake_args': None, 'catkin_skip_building_tests': False, 'cmake_args': None, 'cmake_clean_cache': False, 'cmake_clean_first': False, 'cmake_force_configure': False, 'cmake_target': None, 'cmake_target_skip_unavailable': False, 'install_base': '/home/bhanu/abhiyaan/cone_detection/src/cone_detection/install/cone_detection', 'merge_install': False, 'path': '/home/bhanu/abhiyaan/cone_detection/src/cone_detection', 'symlink_install': False, 'test_result_base': None}
[0.515s] INFO:colcon.colcon_core.executor:Executing jobs using 'parallel' executor
[0.516s] DEBUG:colcon.colcon_parallel_executor.executor.parallel:run_until_complete
[0.517s] INFO:colcon.colcon_ros.task.ament_cmake.build:Building ROS package in '/home/bhanu/abhiyaan/cone_detection/src/cone_detection' with build type 'ament_cmake'
[0.517s] INFO:colcon.colcon_cmake.task.cmake.build:Building CMake package in '/home/bhanu/abhiyaan/cone_detection/src/cone_detection'
[0.519s] INFO:colcon.colcon_core.plugin_system:Skipping extension 'colcon_core.shell.bat': Not used on non-Windows systems
[0.519s] INFO:colcon.colcon_core.shell:Skip shell extension 'powershell' for command environment: Not usable outside of PowerShell
[0.519s] DEBUG:colcon.colcon_core.shell:Skip shell extension 'dsv' for command environment
[0.531s] DEBUG:colcon.colcon_core.event_handler.log_command:Invoking command in '/home/bhanu/abhiyaan/cone_detection/src/cone_detection/build/cone_detection': CMAKE_PREFIX_PATH=${CMAKE_PREFIX_PATH}:/opt/ros/humble /usr/bin/cmake --build /home/bhanu/abhiyaan/cone_detection/src/cone_detection/build/cone_detection -- -j8 -l8
[1.095s] DEBUG:colcon.colcon_core.event_handler.log_command:Invoked command in '/home/bhanu/abhiyaan/cone_detection/src/cone_detection/build/cone_detection' returned '0': CMAKE_PREFIX_PATH=${CMAKE_PREFIX_PATH}:/opt/ros/humble /usr/bin/cmake --build /home/bhanu/abhiyaan/cone_detection/src/cone_detection/build/cone_detection -- -j8 -l8
[1.127s] DEBUG:colcon.colcon_core.event_handler.log_command:Invoking command in '/home/bhanu/abhiyaan/cone_detection/src/cone_detection/build/cone_detection': CMAKE_PREFIX_PATH=${CMAKE_PREFIX_PATH}:/opt/ros/humble /usr/bin/cmake --install /home/bhanu/abhiyaan/cone_detection/src/cone_detection/build/cone_detection
[1.193s] Level 1:colcon.colcon_core.environment:create_environment_scripts_only(cone_detection)
[1.194s] DEBUG:colcon.colcon_core.event_handler.log_command:Invoked command in '/home/bhanu/abhiyaan/cone_detection/src/cone_detection/build/cone_detection' returned '0': CMAKE_PREFIX_PATH=${CMAKE_PREFIX_PATH}:/opt/ros/humble /usr/bin/cmake --install /home/bhanu/abhiyaan/cone_detection/src/cone_detection/build/cone_detection
[1.197s] Level 1:colcon.colcon_core.environment:checking '/home/bhanu/abhiyaan/cone_detection/src/cone_detection/install/cone_detection' for CMake module files
[1.198s] Level 1:colcon.colcon_core.environment:checking '/home/bhanu/abhiyaan/cone_detection/src/cone_detection/install/cone_detection' for CMake config files
[1.198s] Level 1:colcon.colcon_core.shell:create_environment_hook('cone_detection', 'cmake_prefix_path')
[1.199s] INFO:colcon.colcon_core.shell:Creating environment hook '/home/bhanu/abhiyaan/cone_detection/src/cone_detection/install/cone_detection/share/cone_detection/hook/cmake_prefix_path.ps1'
[1.200s] INFO:colcon.colcon_core.shell:Creating environment descriptor '/home/bhanu/abhiyaan/cone_detection/src/cone_detection/install/cone_detection/share/cone_detection/hook/cmake_prefix_path.dsv'
[1.200s] INFO:colcon.colcon_core.shell:Creating environment hook '/home/bhanu/abhiyaan/cone_detection/src/cone_detection/install/cone_detection/share/cone_detection/hook/cmake_prefix_path.sh'
[1.201s] Level 1:colcon.colcon_core.environment:checking '/home/bhanu/abhiyaan/cone_detection/src/cone_detection/install/cone_detection/lib'
[1.201s] Level 1:colcon.colcon_core.environment:checking '/home/bhanu/abhiyaan/cone_detection/src/cone_detection/install/cone_detection/bin'
[1.201s] Level 1:colcon.colcon_core.environment:checking '/home/bhanu/abhiyaan/cone_detection/src/cone_detection/install/cone_detection/lib/pkgconfig/cone_detection.pc'
[1.202s] Level 1:colcon.colcon_core.environment:checking '/home/bhanu/abhiyaan/cone_detection/src/cone_detection/install/cone_detection/lib/python3.10/site-packages'
[1.202s] Level 1:colcon.colcon_core.environment:checking '/home/bhanu/abhiyaan/cone_detection/src/cone_detection/install/cone_detection/bin'
[1.202s] INFO:colcon.colcon_core.shell:Creating package script '/home/bhanu/abhiyaan/cone_detection/src/cone_detection/install/cone_detection/share/cone_detection/package.ps1'
[1.203s] INFO:colcon.colcon_core.shell:Creating package descriptor '/home/bhanu/abhiyaan/cone_detection/src/cone_detection/install/cone_detection/share/cone_detection/package.dsv'
[1.204s] INFO:colcon.colcon_core.shell:Creating package script '/home/bhanu/abhiyaan/cone_detection/src/cone_detection/install/cone_detection/share/cone_detection/package.sh'
[1.205s] INFO:colcon.colcon_core.shell:Creating package script '/home/bhanu/abhiyaan/cone_detection/src/cone_detection/install/cone_detection/share/cone_detection/package.bash'
[1.206s] INFO:colcon.colcon_core.shell:Creating package script '/home/bhanu/abhiyaan/cone_detection/src/cone_detection/install/cone_detection/share/cone_detection/package.zsh'
[1.207s] Level 1:colcon.colcon_core.environment:create_file_with_runtime_dependencies(/home/bhanu/abhiyaan/cone_detection/src/cone_detection/install/cone_detection/share/colcon-core/packages/cone_detection)
[1.232s] Level 1:colcon.colcon_core.environment:create_environment_scripts_only(cone_detection)
[1.233s] Level 1:colcon.colcon_core.environment:checking '/home/bhanu/abhiyaan/cone_detection/src/cone_detection/install/cone_detection' for CMake module files
[1.234s] Level 1:colcon.colcon_core.environment:checking '/home/bhanu/abhiyaan/cone_detection/src/cone_detection/install/cone_detection' for CMake config files
[1.234s] Level 1:colcon.colcon_core.shell:create_environment_hook('cone_detection', 'cmake_prefix_path')
[1.235s] INFO:colcon.colcon_core.shell:Creating environment hook '/home/bhanu/abhiyaan/cone_detection/src/cone_detection/install/cone_detection/share/cone_detection/hook/cmake_prefix_path.ps1'
[1.235s] INFO:colcon.colcon_core.shell:Creating environment descriptor '/home/bhanu/abhiyaan/cone_detection/src/cone_detection/install/cone_detection/share/cone_detection/hook/cmake_prefix_path.dsv'
[1.236s] INFO:colcon.colcon_core.shell:Creating environment hook '/home/bhanu/abhiyaan/cone_detection/src/cone_detection/install/cone_detection/share/cone_detection/hook/cmake_prefix_path.sh'
[1.236s] Level 1:colcon.colcon_core.environment:checking '/home/bhanu/abhiyaan/cone_detection/src/cone_detection/install/cone_detection/lib'
[1.236s] Level 1:colcon.colcon_core.environment:checking '/home/bhanu/abhiyaan/cone_detection/src/cone_detection/install/cone_detection/bin'
[1.236s] Level 1:colcon.colcon_core.environment:checking '/home/bhanu/abhiyaan/cone_detection/src/cone_detection/install/cone_detection/lib/pkgconfig/cone_detection.pc'
[1.237s] Level 1:colcon.colcon_core.environment:checking '/home/bhanu/abhiyaan/cone_detection/src/cone_detection/install/cone_detection/lib/python3.10/site-packages'
[1.237s] Level 1:colcon.colcon_core.environment:checking '/home/bhanu/abhiyaan/cone_detection/src/cone_detection/install/cone_detection/bin'
[1.238s] INFO:colcon.colcon_core.shell:Creating package script '/home/bhanu/abhiyaan/cone_detection/src/cone_detection/install/cone_detection/share/cone_detection/package.ps1'
[1.238s] INFO:colcon.colcon_core.shell:Creating package descriptor '/home/bhanu/abhiyaan/cone_detection/src/cone_detection/install/cone_detection/share/cone_detection/package.dsv'
[1.239s] INFO:colcon.colcon_core.shell:Creating package script '/home/bhanu/abhiyaan/cone_detection/src/cone_detection/install/cone_detection/share/cone_detection/package.sh'
[1.239s] INFO:colcon.colcon_core.shell:Creating package script '/home/bhanu/abhiyaan/cone_detection/src/cone_detection/install/cone_detection/share/cone_detection/package.bash'
[1.240s] INFO:colcon.colcon_core.shell:Creating package script '/home/bhanu/abhiyaan/cone_detection/src/cone_detection/install/cone_detection/share/cone_detection/package.zsh'
[1.240s] Level 1:colcon.colcon_core.environment:create_file_with_runtime_dependencies(/home/bhanu/abhiyaan/cone_detection/src/cone_detection/install/cone_detection/share/colcon-core/packages/cone_detection)
[1.241s] DEBUG:colcon.colcon_parallel_executor.executor.parallel:closing loop
[1.241s] DEBUG:colcon.colcon_parallel_executor.executor.parallel:loop closed
[1.241s] DEBUG:colcon.colcon_parallel_executor.executor.parallel:run_until_complete finished with '0'
[1.241s] DEBUG:colcon.colcon_core.event_reactor:joining thread
[1.251s] INFO:colcon.colcon_core.plugin_system:Skipping extension 'colcon_notification.desktop_notification.terminal_notifier': Not used on non-Darwin systems
[1.251s] INFO:colcon.colcon_core.plugin_system:Skipping extension 'colcon_notification.desktop_notification.win32': Not used on non-Windows systems
[1.251s] INFO:colcon.colcon_notification.desktop_notification:Sending desktop notification using 'notify2'
[1.268s] DEBUG:colcon.colcon_core.event_reactor:joined thread
[1.269s] INFO:colcon.colcon_core.shell:Creating prefix script '/home/bhanu/abhiyaan/cone_detection/src/cone_detection/install/local_setup.ps1'
[1.270s] INFO:colcon.colcon_core.shell:Creating prefix util module '/home/bhanu/abhiyaan/cone_detection/src/cone_detection/install/_local_setup_util_ps1.py'
[1.272s] INFO:colcon.colcon_core.shell:Creating prefix chain script '/home/bhanu/abhiyaan/cone_detection/src/cone_detection/install/setup.ps1'
[1.274s] INFO:colcon.colcon_core.shell:Creating prefix script '/home/bhanu/abhiyaan/cone_detection/src/cone_detection/install/local_setup.sh'
[1.276s] INFO:colcon.colcon_core.shell:Creating prefix util module '/home/bhanu/abhiyaan/cone_detection/src/cone_detection/install/_local_setup_util_sh.py'
[1.277s] INFO:colcon.colcon_core.shell:Creating prefix chain script '/home/bhanu/abhiyaan/cone_detection/src/cone_detection/install/setup.sh'
[1.278s] INFO:colcon.colcon_core.shell:Creating prefix script '/home/bhanu/abhiyaan/cone_detection/src/cone_detection/install/local_setup.bash'
[1.278s] INFO:colcon.colcon_core.shell:Creating prefix chain script '/home/bhanu/abhiyaan/cone_detection/src/cone_detection/install/setup.bash'
[1.280s] INFO:colcon.colcon_core.shell:Creating prefix script '/home/bhanu/abhiyaan/cone_detection/src/cone_detection/install/local_setup.zsh'
[1.280s] INFO:colcon.colcon_core.shell:Creating prefix chain script '/home/bhanu/abhiyaan/cone_detection/src/cone_detection/install/setup.zsh'
