[0.142s] DEBUG:colcon:Command line arguments: ['/usr/bin/colcon', 'build']
[0.142s] DEBUG:colcon:Parsed command line arguments: Namespace(log_base=None, log_level=None, verb_name='build', build_base='build', install_base='install', merge_install=False, symlink_install=False, test_result_base=None, continue_on_error=False, executor='parallel', parallel_workers=8, event_handlers=None, ignore_user_meta=False, metas=['./colcon.meta'], base_paths=['.'], packages_ignore=None, packages_ignore_regex=None, paths=None, packages_up_to=None, packages_up_to_regex=None, packages_above=None, packages_above_and_dependencies=None, packages_above_depth=None, packages_select_by_dep=None, packages_skip_by_dep=None, packages_skip_up_to=None, packages_select_build_failed=False, packages_skip_build_finished=False, packages_select_test_failures=False, packages_skip_test_passed=False, packages_select=None, packages_skip=None, packages_select_regex=None, packages_skip_regex=None, packages_start=None, packages_end=None, allow_overriding=[], cmake_args=None, cmake_target=None, cmake_target_skip_unavailable=False, cmake_clean_cache=False, cmake_clean_first=False, cmake_force_configure=False, ament_cmake_args=None, catkin_cmake_args=None, catkin_skip_building_tests=False, mixin_files=None, mixin=None, verb_parser=<colcon_mixin.mixin.mixin_argument.MixinArgumentDecorator object at 0x76c56af8d8a0>, verb_extension=<colcon_core.verb.build.BuildVerb object at 0x76c56af8c850>, main=<bound method BuildVerb.main of <colcon_core.verb.build.BuildVerb object at 0x76c56af8c850>>, mixin_verb=('build',))
[0.529s] Level 1:colcon.colcon_core.package_discovery:discover_packages(colcon_meta) check parameters
[0.529s] Level 1:colcon.colcon_core.package_discovery:discover_packages(recursive) check parameters
[0.529s] Level 1:colcon.colcon_core.package_discovery:discover_packages(ignore) check parameters
[0.529s] Level 1:colcon.colcon_core.package_discovery:discover_packages(path) check parameters
[0.529s] Level 1:colcon.colcon_core.package_discovery:discover_packages(colcon_meta) discover
[0.529s] Level 1:colcon.colcon_core.package_discovery:discover_packages(recursive) discover
[0.529s] INFO:colcon.colcon_core.package_discovery:Crawling recursively for packages in '/home/bhanu/abhiyaan/cone_detection/src/cone_detection'
[0.529s] Level 1:colcon.colcon_core.package_identification:_identify(.) by extensions ['ignore', 'ignore_ament_install']
[0.529s] Level 1:colcon.colcon_core.package_identification:_identify(.) by extension 'ignore'
[0.530s] Level 1:colcon.colcon_core.package_identification:_identify(.) by extension 'ignore_ament_install'
[0.530s] Level 1:colcon.colcon_core.package_identification:_identify(.) by extensions ['colcon_pkg']
[0.530s] Level 1:colcon.colcon_core.package_identification:_identify(.) by extension 'colcon_pkg'
[0.530s] Level 1:colcon.colcon_core.package_identification:_identify(.) by extensions ['colcon_meta']
[0.530s] Level 1:colcon.colcon_core.package_identification:_identify(.) by extension 'colcon_meta'
[0.530s] Level 1:colcon.colcon_core.package_identification:_identify(.) by extensions ['ros']
[0.530s] Level 1:colcon.colcon_core.package_identification:_identify(.) by extension 'ros'
[0.550s] DEBUG:colcon.colcon_core.package_identification:Package '.' with type 'ros.ament_cmake' and name 'cone_detection'
[0.550s] Level 1:colcon.colcon_core.package_discovery:discover_packages(recursive) using defaults
[0.550s] Level 1:colcon.colcon_core.package_discovery:discover_packages(ignore) discover
[0.550s] Level 1:colcon.colcon_core.package_discovery:discover_packages(ignore) using defaults
[0.550s] Level 1:colcon.colcon_core.package_discovery:discover_packages(path) discover
[0.550s] Level 1:colcon.colcon_core.package_discovery:discover_packages(path) using defaults
[0.572s] Level 1:colcon.colcon_core.package_discovery:discover_packages(prefix_path) check parameters
[0.572s] Level 1:colcon.colcon_core.package_discovery:discover_packages(prefix_path) discover
[0.574s] DEBUG:colcon.colcon_installed_package_information.package_discovery:Found 328 installed packages in /opt/ros/humble
[0.576s] Level 1:colcon.colcon_core.package_discovery:discover_packages(prefix_path) using defaults
[0.614s] Level 5:colcon.colcon_core.verb:set package 'cone_detection' build argument 'cmake_args' from command line to 'None'
[0.614s] Level 5:colcon.colcon_core.verb:set package 'cone_detection' build argument 'cmake_target' from command line to 'None'
[0.614s] Level 5:colcon.colcon_core.verb:set package 'cone_detection' build argument 'cmake_target_skip_unavailable' from command line to 'False'
[0.614s] Level 5:colcon.colcon_core.verb:set package 'cone_detection' build argument 'cmake_clean_cache' from command line to 'False'
[0.614s] Level 5:colcon.colcon_core.verb:set package 'cone_detection' build argument 'cmake_clean_first' from command line to 'False'
[0.614s] Level 5:colcon.colcon_core.verb:set package 'cone_detection' build argument 'cmake_force_configure' from command line to 'False'
[0.614s] Level 5:colcon.colcon_core.verb:set package 'cone_detection' build argument 'ament_cmake_args' from command line to 'None'
[0.614s] Level 5:colcon.colcon_core.verb:set package 'cone_detection' build argument 'catkin_cmake_args' from command line to 'None'
[0.614s] Level 5:colcon.colcon_core.verb:set package 'cone_detection' build argument 'catkin_skip_building_tests' from command line to 'False'
[0.614s] DEBUG:colcon.colcon_core.verb:Building package 'cone_detection' with the following arguments: {'ament_cmake_args': None, 'build_base': '/home/bhanu/abhiyaan/cone_detection/src/cone_detection/build/cone_detection', 'catkin_cmake_args': None, 'catkin_skip_building_tests': False, 'cmake_args': None, 'cmake_clean_cache': False, 'cmake_clean_first': False, 'cmake_force_configure': False, 'cmake_target': None, 'cmake_target_skip_unavailable': False, 'install_base': '/home/bhanu/abhiyaan/cone_detection/src/cone_detection/install/cone_detection', 'merge_install': False, 'path': '/home/bhanu/abhiyaan/cone_detection/src/cone_detection', 'symlink_install': False, 'test_result_base': None}
[0.615s] INFO:colcon.colcon_core.executor:Executing jobs using 'parallel' executor
[0.616s] DEBUG:colcon.colcon_parallel_executor.executor.parallel:run_until_complete
[0.616s] INFO:colcon.colcon_ros.task.ament_cmake.build:Building ROS package in '/home/bhanu/abhiyaan/cone_detection/src/cone_detection' with build type 'ament_cmake'
[0.617s] INFO:colcon.colcon_cmake.task.cmake.build:Building CMake package in '/home/bhanu/abhiyaan/cone_detection/src/cone_detection'
[0.620s] INFO:colcon.colcon_core.plugin_system:Skipping extension 'colcon_core.shell.bat': Not used on non-Windows systems
[0.620s] INFO:colcon.colcon_core.shell:Skip shell extension 'powershell' for command environment: Not usable outside of PowerShell
[0.620s] DEBUG:colcon.colcon_core.shell:Skip shell extension 'dsv' for command environment
[0.627s] DEBUG:colcon.colcon_core.event_handler.log_command:Invoking command in '/home/bhanu/abhiyaan/cone_detection/src/cone_detection/build/cone_detection': CMAKE_PREFIX_PATH=/opt/ros/humble /usr/bin/cmake /home/bhanu/abhiyaan/cone_detection/src/cone_detection -DCMAKE_INSTALL_PREFIX=/home/bhanu/abhiyaan/cone_detection/src/cone_detection/install/cone_detection
[1.980s] DEBUG:colcon.colcon_core.event_handler.log_command:Invoked command in '/home/bhanu/abhiyaan/cone_detection/src/cone_detection/build/cone_detection' returned '0': CMAKE_PREFIX_PATH=/opt/ros/humble /usr/bin/cmake /home/bhanu/abhiyaan/cone_detection/src/cone_detection -DCMAKE_INSTALL_PREFIX=/home/bhanu/abhiyaan/cone_detection/src/cone_detection/install/cone_detection
[1.982s] DEBUG:colcon.colcon_core.event_handler.log_command:Invoking command in '/home/bhanu/abhiyaan/cone_detection/src/cone_detection/build/cone_detection': CMAKE_PREFIX_PATH=/opt/ros/humble /usr/bin/cmake --build /home/bhanu/abhiyaan/cone_detection/src/cone_detection/build/cone_detection -- -j8 -l8
[2.374s] DEBUG:colcon.colcon_core.event_handler.log_command:Invoked command in '/home/bhanu/abhiyaan/cone_detection/src/cone_detection/build/cone_detection' returned '0': CMAKE_PREFIX_PATH=/opt/ros/humble /usr/bin/cmake --build /home/bhanu/abhiyaan/cone_detection/src/cone_detection/build/cone_detection -- -j8 -l8
[2.399s] DEBUG:colcon.colcon_core.event_handler.log_command:Invoking command in '/home/bhanu/abhiyaan/cone_detection/src/cone_detection/build/cone_detection': CMAKE_PREFIX_PATH=/opt/ros/humble /usr/bin/cmake --install /home/bhanu/abhiyaan/cone_detection/src/cone_detection/build/cone_detection
[2.454s] Level 1:colcon.colcon_core.environment:create_environment_scripts_only(cone_detection)
[2.454s] DEBUG:colcon.colcon_core.event_handler.log_command:Invoked command in '/home/bhanu/abhiyaan/cone_detection/src/cone_detection/build/cone_detection' returned '0': CMAKE_PREFIX_PATH=/opt/ros/humble /usr/bin/cmake --install /home/bhanu/abhiyaan/cone_detection/src/cone_detection/build/cone_detection
[2.460s] Level 1:colcon.colcon_core.environment:checking '/home/bhanu/abhiyaan/cone_detection/src/cone_detection/install/cone_detection' for CMake module files
[2.460s] Level 1:colcon.colcon_core.environment:checking '/home/bhanu/abhiyaan/cone_detection/src/cone_detection/install/cone_detection' for CMake config files
[2.460s] Level 1:colcon.colcon_core.shell:create_environment_hook('cone_detection', 'cmake_prefix_path')
[2.461s] INFO:colcon.colcon_core.shell:Creating environment hook '/home/bhanu/abhiyaan/cone_detection/src/cone_detection/install/cone_detection/share/cone_detection/hook/cmake_prefix_path.ps1'
[2.462s] INFO:colcon.colcon_core.shell:Creating environment descriptor '/home/bhanu/abhiyaan/cone_detection/src/cone_detection/install/cone_detection/share/cone_detection/hook/cmake_prefix_path.dsv'
[2.463s] INFO:colcon.colcon_core.shell:Creating environment hook '/home/bhanu/abhiyaan/cone_detection/src/cone_detection/install/cone_detection/share/cone_detection/hook/cmake_prefix_path.sh'
[2.463s] Level 1:colcon.colcon_core.environment:checking '/home/bhanu/abhiyaan/cone_detection/src/cone_detection/install/cone_detection/lib'
[2.463s] Level 1:colcon.colcon_core.environment:checking '/home/bhanu/abhiyaan/cone_detection/src/cone_detection/install/cone_detection/bin'
[2.464s] Level 1:colcon.colcon_core.environment:checking '/home/bhanu/abhiyaan/cone_detection/src/cone_detection/install/cone_detection/lib/pkgconfig/cone_detection.pc'
[2.464s] Level 1:colcon.colcon_core.environment:checking '/home/bhanu/abhiyaan/cone_detection/src/cone_detection/install/cone_detection/lib/python3.10/site-packages'
[2.464s] Level 1:colcon.colcon_core.environment:checking '/home/bhanu/abhiyaan/cone_detection/src/cone_detection/install/cone_detection/bin'
[2.464s] INFO:colcon.colcon_core.shell:Creating package script '/home/bhanu/abhiyaan/cone_detection/src/cone_detection/install/cone_detection/share/cone_detection/package.ps1'
[2.465s] INFO:colcon.colcon_core.shell:Creating package descriptor '/home/bhanu/abhiyaan/cone_detection/src/cone_detection/install/cone_detection/share/cone_detection/package.dsv'
[2.465s] INFO:colcon.colcon_core.shell:Creating package script '/home/bhanu/abhiyaan/cone_detection/src/cone_detection/install/cone_detection/share/cone_detection/package.sh'
[2.466s] INFO:colcon.colcon_core.shell:Creating package script '/home/bhanu/abhiyaan/cone_detection/src/cone_detection/install/cone_detection/share/cone_detection/package.bash'
[2.467s] INFO:colcon.colcon_core.shell:Creating package script '/home/bhanu/abhiyaan/cone_detection/src/cone_detection/install/cone_detection/share/cone_detection/package.zsh'
[2.468s] Level 1:colcon.colcon_core.environment:create_file_with_runtime_dependencies(/home/bhanu/abhiyaan/cone_detection/src/cone_detection/install/cone_detection/share/colcon-core/packages/cone_detection)
[2.486s] Level 1:colcon.colcon_core.environment:create_environment_scripts_only(cone_detection)
[2.486s] Level 1:colcon.colcon_core.environment:checking '/home/bhanu/abhiyaan/cone_detection/src/cone_detection/install/cone_detection' for CMake module files
[2.487s] Level 1:colcon.colcon_core.environment:checking '/home/bhanu/abhiyaan/cone_detection/src/cone_detection/install/cone_detection' for CMake config files
[2.487s] Level 1:colcon.colcon_core.shell:create_environment_hook('cone_detection', 'cmake_prefix_path')
[2.487s] INFO:colcon.colcon_core.shell:Creating environment hook '/home/bhanu/abhiyaan/cone_detection/src/cone_detection/install/cone_detection/share/cone_detection/hook/cmake_prefix_path.ps1'
[2.488s] INFO:colcon.colcon_core.shell:Creating environment descriptor '/home/bhanu/abhiyaan/cone_detection/src/cone_detection/install/cone_detection/share/cone_detection/hook/cmake_prefix_path.dsv'
[2.488s] INFO:colcon.colcon_core.shell:Creating environment hook '/home/bhanu/abhiyaan/cone_detection/src/cone_detection/install/cone_detection/share/cone_detection/hook/cmake_prefix_path.sh'
[2.489s] Level 1:colcon.colcon_core.environment:checking '/home/bhanu/abhiyaan/cone_detection/src/cone_detection/install/cone_detection/lib'
[2.489s] Level 1:colcon.colcon_core.environment:checking '/home/bhanu/abhiyaan/cone_detection/src/cone_detection/install/cone_detection/bin'
[2.489s] Level 1:colcon.colcon_core.environment:checking '/home/bhanu/abhiyaan/cone_detection/src/cone_detection/install/cone_detection/lib/pkgconfig/cone_detection.pc'
[2.489s] Level 1:colcon.colcon_core.environment:checking '/home/bhanu/abhiyaan/cone_detection/src/cone_detection/install/cone_detection/lib/python3.10/site-packages'
[2.489s] Level 1:colcon.colcon_core.environment:checking '/home/bhanu/abhiyaan/cone_detection/src/cone_detection/install/cone_detection/bin'
[2.490s] INFO:colcon.colcon_core.shell:Creating package script '/home/bhanu/abhiyaan/cone_detection/src/cone_detection/install/cone_detection/share/cone_detection/package.ps1'
[2.490s] INFO:colcon.colcon_core.shell:Creating package descriptor '/home/bhanu/abhiyaan/cone_detection/src/cone_detection/install/cone_detection/share/cone_detection/package.dsv'
[2.491s] INFO:colcon.colcon_core.shell:Creating package script '/home/bhanu/abhiyaan/cone_detection/src/cone_detection/install/cone_detection/share/cone_detection/package.sh'
[2.491s] INFO:colcon.colcon_core.shell:Creating package script '/home/bhanu/abhiyaan/cone_detection/src/cone_detection/install/cone_detection/share/cone_detection/package.bash'
[2.492s] INFO:colcon.colcon_core.shell:Creating package script '/home/bhanu/abhiyaan/cone_detection/src/cone_detection/install/cone_detection/share/cone_detection/package.zsh'
[2.492s] Level 1:colcon.colcon_core.environment:create_file_with_runtime_dependencies(/home/bhanu/abhiyaan/cone_detection/src/cone_detection/install/cone_detection/share/colcon-core/packages/cone_detection)
[2.492s] DEBUG:colcon.colcon_parallel_executor.executor.parallel:closing loop
[2.493s] DEBUG:colcon.colcon_parallel_executor.executor.parallel:loop closed
[2.493s] DEBUG:colcon.colcon_parallel_executor.executor.parallel:run_until_complete finished with '0'
[2.493s] DEBUG:colcon.colcon_core.event_reactor:joining thread
[2.499s] INFO:colcon.colcon_core.plugin_system:Skipping extension 'colcon_notification.desktop_notification.terminal_notifier': Not used on non-Darwin systems
[2.500s] INFO:colcon.colcon_core.plugin_system:Skipping extension 'colcon_notification.desktop_notification.win32': Not used on non-Windows systems
[2.500s] INFO:colcon.colcon_notification.desktop_notification:Sending desktop notification using 'notify2'
[2.544s] DEBUG:colcon.colcon_core.event_reactor:joined thread
[2.544s] INFO:colcon.colcon_core.shell:Creating prefix script '/home/bhanu/abhiyaan/cone_detection/src/cone_detection/install/local_setup.ps1'
[2.545s] INFO:colcon.colcon_core.shell:Creating prefix util module '/home/bhanu/abhiyaan/cone_detection/src/cone_detection/install/_local_setup_util_ps1.py'
[2.547s] INFO:colcon.colcon_core.shell:Creating prefix chain script '/home/bhanu/abhiyaan/cone_detection/src/cone_detection/install/setup.ps1'
[2.547s] INFO:colcon.colcon_core.shell:Creating prefix script '/home/bhanu/abhiyaan/cone_detection/src/cone_detection/install/local_setup.sh'
[2.548s] INFO:colcon.colcon_core.shell:Creating prefix util module '/home/bhanu/abhiyaan/cone_detection/src/cone_detection/install/_local_setup_util_sh.py'
[2.549s] INFO:colcon.colcon_core.shell:Creating prefix chain script '/home/bhanu/abhiyaan/cone_detection/src/cone_detection/install/setup.sh'
[2.549s] INFO:colcon.colcon_core.shell:Creating prefix script '/home/bhanu/abhiyaan/cone_detection/src/cone_detection/install/local_setup.bash'
[2.550s] INFO:colcon.colcon_core.shell:Creating prefix chain script '/home/bhanu/abhiyaan/cone_detection/src/cone_detection/install/setup.bash'
[2.551s] INFO:colcon.colcon_core.shell:Creating prefix script '/home/bhanu/abhiyaan/cone_detection/src/cone_detection/install/local_setup.zsh'
[2.551s] INFO:colcon.colcon_core.shell:Creating prefix chain script '/home/bhanu/abhiyaan/cone_detection/src/cone_detection/install/setup.zsh'
